<?xml version="1.0" encoding="UTF-8"?>
<testsuite name="ConnectNTest" tests="10" skipped="0" failures="0" errors="0" timestamp="2017-12-02T20:41:36" hostname="Jasmines-MacBook.local" time="0.038">
  <properties/>
  <testcase name="testGameCount" classname="ConnectNTest" time="0.013"/>
  <testcase name="testWinner" classname="ConnectNTest" time="0.002"/>
  <testcase name="testConstructors" classname="ConnectNTest" time="0.0"/>
  <testcase name="testEquals" classname="ConnectNTest" time="0.001"/>
  <testcase name="testGetAndSetBoard" classname="ConnectNTest" time="0.001"/>
  <testcase name="testGetAndSetHeight" classname="ConnectNTest" time="0.001"/>
  <testcase name="testGetAndSetN" classname="ConnectNTest" time="0.002"/>
  <testcase name="testGetAndSetWidth" classname="ConnectNTest" time="0.002"/>
  <testcase name="testStaticMethods" classname="ConnectNTest" time="0.002"/>
  <testcase name="testTitle" classname="ConnectNTest" time="0.003"/>
  <system-out><![CDATA[]]></system-out>
  <system-err><![CDATA[]]></system-err>
</testsuite>
