<?xml version="1.0" encoding="UTF-8"?>
<!-- Generated by org.testng.reporters.JUnitReportReporter -->
<testsuite hostname="Jasmines-MacBook.local" name="ConnectNTest" tests="10" failures="0" timestamp="2 Dec 2017 20:41:41 GMT" time="0.027" errors="0">
  <testcase name="testWinner" time="0.002" classname="ConnectNTest"/>
  <testcase name="testGetAndSetWidth" time="0.002" classname="ConnectNTest"/>
  <testcase name="testGameCount" time="0.013" classname="ConnectNTest"/>
  <testcase name="testEquals" time="0.001" classname="ConnectNTest"/>
  <testcase name="testStaticMethods" time="0.002" classname="ConnectNTest"/>
  <testcase name="testGetAndSetBoard" time="0.001" classname="ConnectNTest"/>
  <testcase name="testTitle" time="0.003" classname="ConnectNTest"/>
  <testcase name="testGetAndSetHeight" time="0.001" classname="ConnectNTest"/>
  <testcase name="testGetAndSetN" time="0.002" classname="ConnectNTest"/>
  <testcase name="testConstructors" time="0.000" classname="ConnectNTest"/>
</testsuite> <!-- ConnectNTest -->
